1640736713167	geckodriver	INFO	Listening on 127.0.0.1:47465
1640736713679	mozrunner::runner	INFO	Running command: "/usr/bin/firefox" "--marionette" "--remote-debugging-port" "58165" "-no-remote" "-profile" "/tmp/rust_mozprofileLsFuYT"
1640736716653	Marionette	INFO	Marionette enabled
console.warn: SearchSettings: "get: No settings file exists, new profile?" (new NotFoundError("Could not open the file at /tmp/rust_mozprofileLsFuYT/search.json.mozlz4", (void 0)))
DevTools listening on ws://localhost:58165/devtools/browser/5245d7fb-c1b1-4e4c-91ac-34b255d3babc
1640736721480	Marionette	INFO	Listening on port 34733
1640736722258	RemoteAgent	WARN	TLS certificate errors will be ignored for this session
1640736726728	Marionette	INFO	Stopped listening on port 34733
console.log: "RemoteSettingsWorker error: AbortError: IndexedDB:  execute() A request was aborted, for example through a call to IDBTransaction.abort."
console.error: "Could not load engine google@search.mozilla.org: [Exception... \"AddonManager is not initialized\"  nsresult: \"0xc1f30001 (NS_ERROR_NOT_INITIALIZED)\"  location: \"JS frame :: resource://gre/modules/AddonManager.jsm :: installBuiltinAddon :: line 2541\"  data: no]"
console.error: "Could not load engine wikipedia@search.mozilla.org: [Exception... \"AddonManager is not initialized\"  nsresult: \"0xc1f30001 (NS_ERROR_NOT_INITIALIZED)\"  location: \"JS frame :: resource://gre/modules/AddonManager.jsm :: installBuiltinAddon :: line 2541\"  data: no]"
console.error: "Could not load engine baidu@search.mozilla.org: [Exception... \"AddonManager is not initialized\"  nsresult: \"0xc1f30001 (NS_ERROR_NOT_INITIALIZED)\"  location: \"JS frame :: resource://gre/modules/AddonManager.jsm :: installBuiltinAddon :: line 2541\"  data: no]"
console.error: "Could not load engine bing@search.mozilla.org: [Exception... \"AddonManager is not initialized\"  nsresult: \"0xc1f30001 (NS_ERROR_NOT_INITIALIZED)\"  location: \"JS frame :: resource://gre/modules/AddonManager.jsm :: installBuiltinAddon :: line 2541\"  data: no]"
console.error: "Could not load engine ddg@search.mozilla.org: [Exception... \"AddonManager is not initialized\"  nsresult: \"0xc1f30001 (NS_ERROR_NOT_INITIALIZED)\"  location: \"JS frame :: resource://gre/modules/AddonManager.jsm :: installBuiltinAddon :: line 2541\"  data: no]"
console.warn: SearchService: "_init: abandoning init due to shutting down"
JavaScript error: resource://gre/modules/AsyncShutdown.jsm, line 575: uncaught exception: 2147500036
JavaScript error: resource://gre/modules/AsyncShutdown.jsm, line 575: uncaught exception: 2147500036
JavaScript error: resource://gre/modules/AsyncShutdown.jsm, line 575: uncaught exception: 2147500036
JavaScript error: resource://gre/modules/AsyncShutdown.jsm, line 575: uncaught exception: 2147500036
JavaScript error: resource://gre/modules/AsyncShutdown.jsm, line 575: uncaught exception: 2147500036
JavaScript error: resource://gre/modules/AsyncShutdown.jsm, line 575: uncaught exception: 2147500036
JavaScript error: resource://gre/modules/AsyncShutdown.jsm, line 575: uncaught exception: 2147500036
console.log: "RemoteSettingsWorker error: Error: Can't import when we've started shutting down."
console.log: "RemoteSettingsWorker error: Error: Can't import when we've started shutting down."
console.log: "RemoteSettingsWorker error: Error: Can't import when we've started shutting down."
JavaScript error: , line 0: uncaught exception: 2147500036
JavaScript error: resource://gre/modules/AsyncShutdown.jsm, line 718: Error: Phase "profile-before-change" is finished, it is too late to register completion condition "DoHController: clear state and remove observers"

###!!! [Parent][RunMessage] Error: Channel closing: too late to send/recv, messages will be lost

JavaScript error: resource://gre/modules/CrashManager.jsm, line 828: AbortError: IOUtils: Shutting down and refusing additional I/O tasks
1640736784295	geckodriver	INFO	Listening on 127.0.0.1:46209
1640736784300	mozrunner::runner	INFO	Running command: "/usr/bin/firefox" "--marionette" "--remote-debugging-port" "59805" "-no-remote" "-profile" "/tmp/rust_mozprofileDzuilu"
1640736786909	Marionette	INFO	Marionette enabled
console.warn: SearchSettings: "get: No settings file exists, new profile?" (new NotFoundError("Could not open the file at /tmp/rust_mozprofileDzuilu/search.json.mozlz4", (void 0)))
DevTools listening on ws://localhost:59805/devtools/browser/28907ddd-f617-4ae1-8ae5-4e597eb63247
1640736791469	Marionette	INFO	Listening on port 38105
1640736792442	RemoteAgent	WARN	TLS certificate errors will be ignored for this session
console.error: Region.jsm: "Error fetching region" (new Error("TIMEOUT", "resource://gre/modules/Region.jsm", 772))
console.error: Region.jsm: "Failed to fetch region" (new Error("TIMEOUT", "resource://gre/modules/Region.jsm", 419))
1640736796256	Marionette	INFO	Stopped listening on port 38105
console.error: services.settings: 
  main/query-stripping Signature failed  TypeError: NetworkError: Network request failed
1640757463332	geckodriver	INFO	Listening on 127.0.0.1:53967
1640757463339	mozrunner::runner	INFO	Running command: "/usr/bin/firefox" "--marionette" "--remote-debugging-port" "46059" "-no-remote" "-profile" "/tmp/rust_mozprofileE4nKia"
1640757466131	Marionette	INFO	Marionette enabled
console.warn: SearchSettings: "get: No settings file exists, new profile?" (new NotFoundError("Could not open the file at /tmp/rust_mozprofileE4nKia/search.json.mozlz4", (void 0)))
DevTools listening on ws://localhost:46059/devtools/browser/d8ab0665-e36f-4b66-b6f5-05de217a30c4
1640757471421	Marionette	INFO	Listening on port 45597
console.error: Region.jsm: "Error fetching region" (new Error("TIMEOUT", "resource://gre/modules/Region.jsm", 772))
console.error: Region.jsm: "Failed to fetch region" (new Error("TIMEOUT", "resource://gre/modules/Region.jsm", 419))
1640757475176	RemoteAgent	WARN	TLS certificate errors will be ignored for this session
JavaScript error: http://erp.cxic.com:8081/nccloud/resources/workbench/public/common/main/static/venders.js, line 1: Error: Request failed with status code 400
JavaScript error: http://erp.cxic.com:8081/nccloud/resources/workbench/public/common/main/static/venders.js, line 1: Error: Request failed with status code 400
JavaScript error: http://erp.cxic.com:8081/nccloud/resources/workbench/public/common/main/static/venders.js, line 1: Error: Request failed with status code 400
JavaScript error: http://erp.cxic.com:8081/nccloud/resources/workbench/public/common/main/static/venders.js, line 1: Error: Request failed with status code 400
JavaScript error: http://erp.cxic.com:8081/nccloud/resources/workbench/public/common/main/static/venders.js, line 1: Error: Request failed with status code 400
JavaScript error: http://erp.cxic.com:8081/nccloud/resources/workbench/public/common/main/static/venders.js, line 1: Error: Request failed with status code 400
JavaScript error: http://erp.cxic.com:8081/nccloud/resources/workbench/public/common/main/static/venders.js, line 1: Error: Request failed with status code 400
JavaScript error: http://erp.cxic.com:8081/nccloud/resources/workbench/public/common/main/static/venders.js, line 1: Error: Request failed with status code 400
JavaScript error: http://erp.cxic.com:8081/nccloud/resources/workbench/public/common/main/static/venders.js, line 1: Error: Request failed with status code 400
JavaScript error: http://erp.cxic.com:8081/nccloud/resources/workbench/public/common/main/static/venders.js, line 1: Error: Request failed with status code 400
JavaScript error: http://erp.cxic.com:8081/nccloud/resources/workbench/public/common/main/static/venders.js, line 1: Error: Request failed with status code 400
1640757554066	Marionette	WARN	Ignoring event 'DOMContentLoaded' because document has an invalid readyState of 'complete'.
JavaScript error: resource://gre/actors/AutoCompleteChild.jsm, line 125: Error: Invalid autocomplete selectedIndex
JavaScript error: resource://gre/actors/AutoCompleteChild.jsm, line 125: Error: Invalid autocomplete selectedIndex
JavaScript error: resource://gre/modules/LoginManagerChild.jsm, line 194: NS_ERROR_XPC_JAVASCRIPT_ERROR_WITH_DETAILS: [JavaScript Error: "Invalid autocomplete selectedIndex" {file: "resource://gre/actors/AutoCompleteChild.jsm" line: 125}]'[JavaScript Error: "Invalid autocomplete selectedIndex" {file: "resource://gre/actors/AutoCompleteChild.jsm" line: 125}]' when calling method: [nsIAutoCompletePopup::selectedIndex]
console.log: WebExtensions: reset-default-search: starting.
console.log: WebExtensions: reset-default-search: No addons in our list are installed.
1640758076012	Marionette	WARN	Ignoring event 'DOMContentLoaded' because document has an invalid readyState of 'complete'.
JavaScript error: resource://devtools/shared/protocol/Front.js, line 106: Error: Connection closed, pending request to server0.conn0.windowGlobal2147483657/accessibilityActor14, type getSimulator failed

Request stack:
request@resource://devtools/shared/protocol/Front.js:292:14
generateRequestMethods/</frontProto[name]@resource://devtools/shared/protocol/Front/FrontClassWithSpec.js:46:19
initialize@resource://devtools/client/fronts/accessibility.js:534:39

console.warn: "Error while destroying front:" "accessibility" (new Error("Connection closed, pending request to server0.conn0.windowGlobal2147483657/accessibilityActor14, type getSimulator failed\n\nRequest stack:\nrequest@resource://devtools/shared/protocol/Front.js:292:14\ngenerateRequestMethods/</frontProto[name]@resource://devtools/shared/protocol/Front/FrontClassWithSpec.js:46:19\ninitialize@resource://devtools/client/fronts/accessibility.js:534:39\n", "resource://devtools/shared/protocol/Front.js", 106))
1640758077292	Marionette	INFO	Stopped listening on port 45597
console.warn: TopSitesFeed: Failed to fetch data from Contile server: NetworkError when attempting to fetch resource.
JavaScript error: chrome://remote/content/marionette/cert.js, line 55: NS_ERROR_NOT_AVAILABLE: Component returned failure code: 0x80040111 (NS_ERROR_NOT_AVAILABLE) [nsICertOverrideService.setDisableAllSecurityChecksAndLetAttackersInterceptMyData]

###!!! [Parent][RunMessage] Error: Channel closing: too late to send/recv, messages will be lost

1640758319291	geckodriver::marionette	ERROR	Failed to close browser connection: Socket not connected (os error 107)
1640758364103	geckodriver	INFO	Listening on 127.0.0.1:42313
1640758364111	mozrunner::runner	INFO	Running command: "/usr/bin/firefox" "--marionette" "--remote-debugging-port" "47225" "-no-remote" "-profile" "/tmp/rust_mozprofileh2aZL3"
1640758372742	Marionette	INFO	Marionette enabled
console.warn: SearchSettings: "get: No settings file exists, new profile?" (new NotFoundError("Could not open the file at /tmp/rust_mozprofileh2aZL3/search.json.mozlz4", (void 0)))
JavaScript error: resource://gre/modules/SearchService.jsm, line 204: Error: Something tried to use the search service before it's been properly intialized. Please examine the stack trace to figure out what and where to fix it:
_ensureInitialized@resource://gre/modules/SearchService.jsm:204:15
_getEngineDefault@resource://gre/modules/SearchService.jsm:2142:10
get defaultEngine@resource://gre/modules/SearchService.jsm:2274:17
_cacheL10nStrings@resource:///modules/UrlbarView.jsm:2178:11
onQueryStarted@resource:///modules/UrlbarView.jsm:583:10
notify@resource:///modules/UrlbarController.jsm:652:25
startQuery@resource:///modules/UrlbarController.jsm:133:10
startQuery@resource:///modules/UrlbarInput.jsm:1355:52
autoOpen@resource:///modules/UrlbarView.jsm:512:20
_on_mousedown@resource:///modules/UrlbarInput.jsm:2940:21
handleEvent@resource:///modules/UrlbarInput.jsm:425:23

JavaScript error: resource:///modules/UrlbarView.jsm, line 2178: NS_ERROR_XPC_JAVASCRIPT_ERROR_WITH_DETAILS: [JavaScript Error: "Something tried to use the search service before it's been properly intialized. Please examine the stack trace to figure out what and where to fix it:
_ensureInitialized@resource://gre/modules/SearchService.jsm:204:15
_getEngineDefault@resource://gre/modules/SearchService.jsm:2142:10
get defaultEngine@resource://gre/modules/SearchService.jsm:2274:17
_cacheL10nStrings@resource:///modules/UrlbarView.jsm:2178:11
onQueryStarted@resource:///modules/UrlbarView.jsm:583:10
notify@resource:///modules/UrlbarController.jsm:652:25
startQuery@resource:///modules/UrlbarController.jsm:133:10
startQuery@resource:///modules/UrlbarInput.jsm:1355:52
autoOpen@resource:///modules/UrlbarView.jsm:512:20
_on_mousedown@resource:///modules/UrlbarInput.jsm:2940:21
handleEvent@resource:///modules/UrlbarInput.jsm:425:23
" {file: "resource://gre/modules/SearchService.jsm" line: 204}]'[JavaScript Error: "Something tried to use the search service before it's been properly intialized. Please examine the stack trace to figure out what and where to fix it:
_ensureInitialized@resource://gre/modules/SearchService.jsm:204:15
_getEngineDefault@resource://gre/modules/SearchService.jsm:2142:10
get defaultEngine@resource://gre/modules/SearchService.jsm:2274:17
_cacheL10nStrings@resource:///modules/UrlbarView.jsm:2178:11
onQueryStarted@resource:///modules/UrlbarView.jsm:583:10
notify@resource:///modules/UrlbarController.jsm:652:25
startQuery@resource:///modules/UrlbarController.jsm:133:10
startQuery@resource:///modules/UrlbarInput.jsm:1355:52
autoOpen@resource:///modules/UrlbarView.jsm:512:20
_on_mousedown@resource:///modules/UrlbarInput.jsm:2940:21
handleEvent@resource:///modules/UrlbarInput.jsm:425:23
" {file: "resource://gre/modules/SearchService.jsm" line: 204}]' when calling method: [nsISearchService::defaultEngine]
DevTools listening on ws://localhost:47225/devtools/browser/99055275-6de0-40d6-93f8-ba1385f10978
1640758379999	Marionette	INFO	Listening on port 36529
JavaScript error: resource://gre/modules/SearchService.jsm, line 204: Error: Something tried to use the search service before it's been properly intialized. Please examine the stack trace to figure out what and where to fix it:
_ensureInitialized@resource://gre/modules/SearchService.jsm:204:15
_getEngineDefault@resource://gre/modules/SearchService.jsm:2142:10
get defaultEngine@resource://gre/modules/SearchService.jsm:2274:17
_cacheL10nStrings@resource:///modules/UrlbarView.jsm:2178:11
onQueryStarted@resource:///modules/UrlbarView.jsm:583:10
notify@resource:///modules/UrlbarController.jsm:652:25
startQuery@resource:///modules/UrlbarController.jsm:133:10
startQuery@resource:///modules/UrlbarInput.jsm:1355:52
autoOpen@resource:///modules/UrlbarView.jsm:512:20
_on_mousedown@resource:///modules/UrlbarInput.jsm:2940:21
handleEvent@resource:///modules/UrlbarInput.jsm:425:23

JavaScript error: resource:///modules/UrlbarView.jsm, line 2178: NS_ERROR_XPC_JAVASCRIPT_ERROR_WITH_DETAILS: [JavaScript Error: "Something tried to use the search service before it's been properly intialized. Please examine the stack trace to figure out what and where to fix it:
_ensureInitialized@resource://gre/modules/SearchService.jsm:204:15
_getEngineDefault@resource://gre/modules/SearchService.jsm:2142:10
get defaultEngine@resource://gre/modules/SearchService.jsm:2274:17
_cacheL10nStrings@resource:///modules/UrlbarView.jsm:2178:11
onQueryStarted@resource:///modules/UrlbarView.jsm:583:10
notify@resource:///modules/UrlbarController.jsm:652:25
startQuery@resource:///modules/UrlbarController.jsm:133:10
startQuery@resource:///modules/UrlbarInput.jsm:1355:52
autoOpen@resource:///modules/UrlbarView.jsm:512:20
_on_mousedown@resource:///modules/UrlbarInput.jsm:2940:21
handleEvent@resource:///modules/UrlbarInput.jsm:425:23
" {file: "resource://gre/modules/SearchService.jsm" line: 204}]'[JavaScript Error: "Something tried to use the search service before it's been properly intialized. Please examine the stack trace to figure out what and where to fix it:
_ensureInitialized@resource://gre/modules/SearchService.jsm:204:15
_getEngineDefault@resource://gre/modules/SearchService.jsm:2142:10
get defaultEngine@resource://gre/modules/SearchService.jsm:2274:17
_cacheL10nStrings@resource:///modules/UrlbarView.jsm:2178:11
onQueryStarted@resource:///modules/UrlbarView.jsm:583:10
notify@resource:///modules/UrlbarController.jsm:652:25
startQuery@resource:///modules/UrlbarController.jsm:133:10
startQuery@resource:///modules/UrlbarInput.jsm:1355:52
autoOpen@resource:///modules/UrlbarView.jsm:512:20
_on_mousedown@resource:///modules/UrlbarInput.jsm:2940:21
handleEvent@resource:///modules/UrlbarInput.jsm:425:23
" {file: "resource://gre/modules/SearchService.jsm" line: 204}]' when calling method: [nsISearchService::defaultEngine]
console.error: Region.jsm: "Error fetching region" (new Error("TIMEOUT", "resource://gre/modules/Region.jsm", 772))
console.error: Region.jsm: "Failed to fetch region" (new Error("TIMEOUT", "resource://gre/modules/Region.jsm", 419))
JavaScript error: resource://gre/modules/SearchService.jsm, line 204: Error: Something tried to use the search service before it's been properly intialized. Please examine the stack trace to figure out what and where to fix it:
_ensureInitialized@resource://gre/modules/SearchService.jsm:204:15
_getEngineDefault@resource://gre/modules/SearchService.jsm:2142:10
get defaultEngine@resource://gre/modules/SearchService.jsm:2274:17
_cacheL10nStrings@resource:///modules/UrlbarView.jsm:2178:11
onQueryStarted@resource:///modules/UrlbarView.jsm:583:10
notify@resource:///modules/UrlbarController.jsm:652:25
startQuery@resource:///modules/UrlbarController.jsm:133:10
startQuery@resource:///modules/UrlbarInput.jsm:1355:52
autoOpen@resource:///modules/UrlbarView.jsm:512:20
_on_mousedown@resource:///modules/UrlbarInput.jsm:2940:21
handleEvent@resource:///modules/UrlbarInput.jsm:425:23

JavaScript error: resource:///modules/UrlbarView.jsm, line 2178: NS_ERROR_XPC_JAVASCRIPT_ERROR_WITH_DETAILS: [JavaScript Error: "Something tried to use the search service before it's been properly intialized. Please examine the stack trace to figure out what and where to fix it:
_ensureInitialized@resource://gre/modules/SearchService.jsm:204:15
_getEngineDefault@resource://gre/modules/SearchService.jsm:2142:10
get defaultEngine@resource://gre/modules/SearchService.jsm:2274:17
_cacheL10nStrings@resource:///modules/UrlbarView.jsm:2178:11
onQueryStarted@resource:///modules/UrlbarView.jsm:583:10
notify@resource:///modules/UrlbarController.jsm:652:25
startQuery@resource:///modules/UrlbarController.jsm:133:10
startQuery@resource:///modules/UrlbarInput.jsm:1355:52
autoOpen@resource:///modules/UrlbarView.jsm:512:20
_on_mousedown@resource:///modules/UrlbarInput.jsm:2940:21
handleEvent@resource:///modules/UrlbarInput.jsm:425:23
" {file: "resource://gre/modules/SearchService.jsm" line: 204}]'[JavaScript Error: "Something tried to use the search service before it's been properly intialized. Please examine the stack trace to figure out what and where to fix it:
_ensureInitialized@resource://gre/modules/SearchService.jsm:204:15
_getEngineDefault@resource://gre/modules/SearchService.jsm:2142:10
get defaultEngine@resource://gre/modules/SearchService.jsm:2274:17
_cacheL10nStrings@resource:///modules/UrlbarView.jsm:2178:11
onQueryStarted@resource:///modules/UrlbarView.jsm:583:10
notify@resource:///modules/UrlbarController.jsm:652:25
startQuery@resource:///modules/UrlbarController.jsm:133:10
startQuery@resource:///modules/UrlbarInput.jsm:1355:52
autoOpen@resource:///modules/UrlbarView.jsm:512:20
_on_mousedown@resource:///modules/UrlbarInput.jsm:2940:21
handleEvent@resource:///modules/UrlbarInput.jsm:425:23
" {file: "resource://gre/modules/SearchService.jsm" line: 204}]' when calling method: [nsISearchService::defaultEngine]
JavaScript error: resource://gre/modules/SearchService.jsm, line 204: Error: Something tried to use the search service before it's been properly intialized. Please examine the stack trace to figure out what and where to fix it:
_ensureInitialized@resource://gre/modules/SearchService.jsm:204:15
_getEngineDefault@resource://gre/modules/SearchService.jsm:2142:10
get defaultEngine@resource://gre/modules/SearchService.jsm:2274:17
_cacheL10nStrings@resource:///modules/UrlbarView.jsm:2178:11
onQueryStarted@resource:///modules/UrlbarView.jsm:583:10
notify@resource:///modules/UrlbarController.jsm:652:25
startQuery@resource:///modules/UrlbarController.jsm:133:10
startQuery@resource:///modules/UrlbarInput.jsm:1355:52
autoOpen@resource:///modules/UrlbarView.jsm:512:20
_on_mousedown@resource:///modules/UrlbarInput.jsm:2940:21
handleEvent@resource:///modules/UrlbarInput.jsm:425:23

JavaScript error: resource:///modules/UrlbarView.jsm, line 2178: NS_ERROR_XPC_JAVASCRIPT_ERROR_WITH_DETAILS: [JavaScript Error: "Something tried to use the search service before it's been properly intialized. Please examine the stack trace to figure out what and where to fix it:
_ensureInitialized@resource://gre/modules/SearchService.jsm:204:15
_getEngineDefault@resource://gre/modules/SearchService.jsm:2142:10
get defaultEngine@resource://gre/modules/SearchService.jsm:2274:17
_cacheL10nStrings@resource:///modules/UrlbarView.jsm:2178:11
onQueryStarted@resource:///modules/UrlbarView.jsm:583:10
notify@resource:///modules/UrlbarController.jsm:652:25
startQuery@resource:///modules/UrlbarController.jsm:133:10
startQuery@resource:///modules/UrlbarInput.jsm:1355:52
autoOpen@resource:///modules/UrlbarView.jsm:512:20
_on_mousedown@resource:///modules/UrlbarInput.jsm:2940:21
handleEvent@resource:///modules/UrlbarInput.jsm:425:23
" {file: "resource://gre/modules/SearchService.jsm" line: 204}]'[JavaScript Error: "Something tried to use the search service before it's been properly intialized. Please examine the stack trace to figure out what and where to fix it:
_ensureInitialized@resource://gre/modules/SearchService.jsm:204:15
_getEngineDefault@resource://gre/modules/SearchService.jsm:2142:10
get defaultEngine@resource://gre/modules/SearchService.jsm:2274:17
_cacheL10nStrings@resource:///modules/UrlbarView.jsm:2178:11
onQueryStarted@resource:///modules/UrlbarView.jsm:583:10
notify@resource:///modules/UrlbarController.jsm:652:25
startQuery@resource:///modules/UrlbarController.jsm:133:10
startQuery@resource:///modules/UrlbarInput.jsm:1355:52
autoOpen@resource:///modules/UrlbarView.jsm:512:20
_on_mousedown@resource:///modules/UrlbarInput.jsm:2940:21
handleEvent@resource:///modules/UrlbarInput.jsm:425:23
" {file: "resource://gre/modules/SearchService.jsm" line: 204}]' when calling method: [nsISearchService::defaultEngine]
1640758382935	RemoteAgent	WARN	TLS certificate errors will be ignored for this session
JavaScript error: resource://gre/modules/SearchService.jsm, line 204: Error: Something tried to use the search service before it's been properly intialized. Please examine the stack trace to figure out what and where to fix it:
_ensureInitialized@resource://gre/modules/SearchService.jsm:204:15
_getEngineDefault@resource://gre/modules/SearchService.jsm:2142:10
get defaultEngine@resource://gre/modules/SearchService.jsm:2274:17
_cacheL10nStrings@resource:///modules/UrlbarView.jsm:2178:11
onQueryStarted@resource:///modules/UrlbarView.jsm:583:10
notify@resource:///modules/UrlbarController.jsm:652:25
startQuery@resource:///modules/UrlbarController.jsm:133:10
startQuery@resource:///modules/UrlbarInput.jsm:1355:52
autoOpen@resource:///modules/UrlbarView.jsm:512:20
_on_mousedown@resource:///modules/UrlbarInput.jsm:2940:21
handleEvent@resource:///modules/UrlbarInput.jsm:425:23

JavaScript error: resource:///modules/UrlbarView.jsm, line 2178: NS_ERROR_XPC_JAVASCRIPT_ERROR_WITH_DETAILS: [JavaScript Error: "Something tried to use the search service before it's been properly intialized. Please examine the stack trace to figure out what and where to fix it:
_ensureInitialized@resource://gre/modules/SearchService.jsm:204:15
_getEngineDefault@resource://gre/modules/SearchService.jsm:2142:10
get defaultEngine@resource://gre/modules/SearchService.jsm:2274:17
_cacheL10nStrings@resource:///modules/UrlbarView.jsm:2178:11
onQueryStarted@resource:///modules/UrlbarView.jsm:583:10
notify@resource:///modules/UrlbarController.jsm:652:25
startQuery@resource:///modules/UrlbarController.jsm:133:10
startQuery@resource:///modules/UrlbarInput.jsm:1355:52
autoOpen@resource:///modules/UrlbarView.jsm:512:20
_on_mousedown@resource:///modules/UrlbarInput.jsm:2940:21
handleEvent@resource:///modules/UrlbarInput.jsm:425:23
" {file: "resource://gre/modules/SearchService.jsm" line: 204}]'[JavaScript Error: "Something tried to use the search service before it's been properly intialized. Please examine the stack trace to figure out what and where to fix it:
_ensureInitialized@resource://gre/modules/SearchService.jsm:204:15
_getEngineDefault@resource://gre/modules/SearchService.jsm:2142:10
get defaultEngine@resource://gre/modules/SearchService.jsm:2274:17
_cacheL10nStrings@resource:///modules/UrlbarView.jsm:2178:11
onQueryStarted@resource:///modules/UrlbarView.jsm:583:10
notify@resource:///modules/UrlbarController.jsm:652:25
startQuery@resource:///modules/UrlbarController.jsm:133:10
startQuery@resource:///modules/UrlbarInput.jsm:1355:52
autoOpen@resource:///modules/UrlbarView.jsm:512:20
_on_mousedown@resource:///modules/UrlbarInput.jsm:2940:21
handleEvent@resource:///modules/UrlbarInput.jsm:425:23
" {file: "resource://gre/modules/SearchService.jsm" line: 204}]' when calling method: [nsISearchService::defaultEngine]
JavaScript error: resource://gre/modules/SearchService.jsm, line 204: Error: Something tried to use the search service before it's been properly intialized. Please examine the stack trace to figure out what and where to fix it:
_ensureInitialized@resource://gre/modules/SearchService.jsm:204:15
_getEngineDefault@resource://gre/modules/SearchService.jsm:2142:10
get defaultEngine@resource://gre/modules/SearchService.jsm:2274:17
_cacheL10nStrings@resource:///modules/UrlbarView.jsm:2178:11
onQueryStarted@resource:///modules/UrlbarView.jsm:583:10
notify@resource:///modules/UrlbarController.jsm:652:25
startQuery@resource:///modules/UrlbarController.jsm:133:10
startQuery@resource:///modules/UrlbarInput.jsm:1355:52
_on_input@resource:///modules/UrlbarInput.jsm:3040:10
handleEvent@resource:///modules/UrlbarInput.jsm:425:23

JavaScript error: resource:///modules/UrlbarView.jsm, line 2178: NS_ERROR_XPC_JAVASCRIPT_ERROR_WITH_DETAILS: [JavaScript Error: "Something tried to use the search service before it's been properly intialized. Please examine the stack trace to figure out what and where to fix it:
_ensureInitialized@resource://gre/modules/SearchService.jsm:204:15
_getEngineDefault@resource://gre/modules/SearchService.jsm:2142:10
get defaultEngine@resource://gre/modules/SearchService.jsm:2274:17
_cacheL10nStrings@resource:///modules/UrlbarView.jsm:2178:11
onQueryStarted@resource:///modules/UrlbarView.jsm:583:10
notify@resource:///modules/UrlbarController.jsm:652:25
startQuery@resource:///modules/UrlbarController.jsm:133:10
startQuery@resource:///modules/UrlbarInput.jsm:1355:52
_on_input@resource:///modules/UrlbarInput.jsm:3040:10
handleEvent@resource:///modules/UrlbarInput.jsm:425:23
" {file: "resource://gre/modules/SearchService.jsm" line: 204}]'[JavaScript Error: "Something tried to use the search service before it's been properly intialized. Please examine the stack trace to figure out what and where to fix it:
_ensureInitialized@resource://gre/modules/SearchService.jsm:204:15
_getEngineDefault@resource://gre/modules/SearchService.jsm:2142:10
get defaultEngine@resource://gre/modules/SearchService.jsm:2274:17
_cacheL10nStrings@resource:///modules/UrlbarView.jsm:2178:11
onQueryStarted@resource:///modules/UrlbarView.jsm:583:10
notify@resource:///modules/UrlbarController.jsm:652:25
startQuery@resource:///modules/UrlbarController.jsm:133:10
startQuery@resource:///modules/UrlbarInput.jsm:1355:52
_on_input@resource:///modules/UrlbarInput.jsm:3040:10
handleEvent@resource:///modules/UrlbarInput.jsm:425:23
" {file: "resource://gre/modules/SearchService.jsm" line: 204}]' when calling method: [nsISearchService::defaultEngine]
JavaScript error: resource://gre/modules/SearchService.jsm, line 204: Error: Something tried to use the search service before it's been properly intialized. Please examine the stack trace to figure out what and where to fix it:
_ensureInitialized@resource://gre/modules/SearchService.jsm:204:15
_getEngineDefault@resource://gre/modules/SearchService.jsm:2142:10
get defaultEngine@resource://gre/modules/SearchService.jsm:2274:17
_cacheL10nStrings@resource:///modules/UrlbarView.jsm:2178:11
onQueryStarted@resource:///modules/UrlbarView.jsm:583:10
notify@resource:///modules/UrlbarController.jsm:652:25
startQuery@resource:///modules/UrlbarController.jsm:133:10
startQuery@resource:///modules/UrlbarInput.jsm:1355:52
_on_input@resource:///modules/UrlbarInput.jsm:3040:10
handleEvent@resource:///modules/UrlbarInput.jsm:425:23

JavaScript error: resource:///modules/UrlbarView.jsm, line 2178: NS_ERROR_XPC_JAVASCRIPT_ERROR_WITH_DETAILS: [JavaScript Error: "Something tried to use the search service before it's been properly intialized. Please examine the stack trace to figure out what and where to fix it:
_ensureInitialized@resource://gre/modules/SearchService.jsm:204:15
_getEngineDefault@resource://gre/modules/SearchService.jsm:2142:10
get defaultEngine@resource://gre/modules/SearchService.jsm:2274:17
_cacheL10nStrings@resource:///modules/UrlbarView.jsm:2178:11
onQueryStarted@resource:///modules/UrlbarView.jsm:583:10
notify@resource:///modules/UrlbarController.jsm:652:25
startQuery@resource:///modules/UrlbarController.jsm:133:10
startQuery@resource:///modules/UrlbarInput.jsm:1355:52
_on_input@resource:///modules/UrlbarInput.jsm:3040:10
handleEvent@resource:///modules/UrlbarInput.jsm:425:23
" {file: "resource://gre/modules/SearchService.jsm" line: 204}]'[JavaScript Error: "Something tried to use the search service before it's been properly intialized. Please examine the stack trace to figure out what and where to fix it:
_ensureInitialized@resource://gre/modules/SearchService.jsm:204:15
_getEngineDefault@resource://gre/modules/SearchService.jsm:2142:10
get defaultEngine@resource://gre/modules/SearchService.jsm:2274:17
_cacheL10nStrings@resource:///modules/UrlbarView.jsm:2178:11
onQueryStarted@resource:///modules/UrlbarView.jsm:583:10
notify@resource:///modules/UrlbarController.jsm:652:25
startQuery@resource:///modules/UrlbarController.jsm:133:10
startQuery@resource:///modules/UrlbarInput.jsm:1355:52
_on_input@resource:///modules/UrlbarInput.jsm:3040:10
handleEvent@resource:///modules/UrlbarInput.jsm:425:23
" {file: "resource://gre/modules/SearchService.jsm" line: 204}]' when calling method: [nsISearchService::defaultEngine]
JavaScript error: resource://gre/modules/SearchService.jsm, line 204: Error: Something tried to use the search service before it's been properly intialized. Please examine the stack trace to figure out what and where to fix it:
_ensureInitialized@resource://gre/modules/SearchService.jsm:204:15
_getEngineDefault@resource://gre/modules/SearchService.jsm:2142:10
get defaultEngine@resource://gre/modules/SearchService.jsm:2274:17
_cacheL10nStrings@resource:///modules/UrlbarView.jsm:2178:11
onQueryStarted@resource:///modules/UrlbarView.jsm:583:10
notify@resource:///modules/UrlbarController.jsm:652:25
startQuery@resource:///modules/UrlbarController.jsm:133:10
startQuery@resource:///modules/UrlbarInput.jsm:1355:52
_on_input@resource:///modules/UrlbarInput.jsm:3040:10
handleEvent@resource:///modules/UrlbarInput.jsm:425:23

JavaScript error: resource:///modules/UrlbarView.jsm, line 2178: NS_ERROR_XPC_JAVASCRIPT_ERROR_WITH_DETAILS: [JavaScript Error: "Something tried to use the search service before it's been properly intialized. Please examine the stack trace to figure out what and where to fix it:
_ensureInitialized@resource://gre/modules/SearchService.jsm:204:15
_getEngineDefault@resource://gre/modules/SearchService.jsm:2142:10
get defaultEngine@resource://gre/modules/SearchService.jsm:2274:17
_cacheL10nStrings@resource:///modules/UrlbarView.jsm:2178:11
onQueryStarted@resource:///modules/UrlbarView.jsm:583:10
notify@resource:///modules/UrlbarController.jsm:652:25
startQuery@resource:///modules/UrlbarController.jsm:133:10
startQuery@resource:///modules/UrlbarInput.jsm:1355:52
_on_input@resource:///modules/UrlbarInput.jsm:3040:10
handleEvent@resource:///modules/UrlbarInput.jsm:425:23
" {file: "resource://gre/modules/SearchService.jsm" line: 204}]'[JavaScript Error: "Something tried to use the search service before it's been properly intialized. Please examine the stack trace to figure out what and where to fix it:
_ensureInitialized@resource://gre/modules/SearchService.jsm:204:15
_getEngineDefault@resource://gre/modules/SearchService.jsm:2142:10
get defaultEngine@resource://gre/modules/SearchService.jsm:2274:17
_cacheL10nStrings@resource:///modules/UrlbarView.jsm:2178:11
onQueryStarted@resource:///modules/UrlbarView.jsm:583:10
notify@resource:///modules/UrlbarController.jsm:652:25
startQuery@resource:///modules/UrlbarController.jsm:133:10
startQuery@resource:///modules/UrlbarInput.jsm:1355:52
_on_input@resource:///modules/UrlbarInput.jsm:3040:10
handleEvent@resource:///modules/UrlbarInput.jsm:425:23
" {file: "resource://gre/modules/SearchService.jsm" line: 204}]' when calling method: [nsISearchService::defaultEngine]
JavaScript error: resource://gre/modules/SearchService.jsm, line 204: Error: Something tried to use the search service before it's been properly intialized. Please examine the stack trace to figure out what and where to fix it:
_ensureInitialized@resource://gre/modules/SearchService.jsm:204:15
_getEngineDefault@resource://gre/modules/SearchService.jsm:2142:10
get defaultEngine@resource://gre/modules/SearchService.jsm:2274:17
_cacheL10nStrings@resource:///modules/UrlbarView.jsm:2178:11
onQueryStarted@resource:///modules/UrlbarView.jsm:583:10
notify@resource:///modules/UrlbarController.jsm:652:25
startQuery@resource:///modules/UrlbarController.jsm:133:10
startQuery@resource:///modules/UrlbarInput.jsm:1355:52
_on_input@resource:///modules/UrlbarInput.jsm:3040:10
handleEvent@resource:///modules/UrlbarInput.jsm:425:23

JavaScript error: resource:///modules/UrlbarView.jsm, line 2178: NS_ERROR_XPC_JAVASCRIPT_ERROR_WITH_DETAILS: [JavaScript Error: "Something tried to use the search service before it's been properly intialized. Please examine the stack trace to figure out what and where to fix it:
_ensureInitialized@resource://gre/modules/SearchService.jsm:204:15
_getEngineDefault@resource://gre/modules/SearchService.jsm:2142:10
get defaultEngine@resource://gre/modules/SearchService.jsm:2274:17
_cacheL10nStrings@resource:///modules/UrlbarView.jsm:2178:11
onQueryStarted@resource:///modules/UrlbarView.jsm:583:10
notify@resource:///modules/UrlbarController.jsm:652:25
startQuery@resource:///modules/UrlbarController.jsm:133:10
startQuery@resource:///modules/UrlbarInput.jsm:1355:52
_on_input@resource:///modules/UrlbarInput.jsm:3040:10
handleEvent@resource:///modules/UrlbarInput.jsm:425:23
" {file: "resource://gre/modules/SearchService.jsm" line: 204}]'[JavaScript Error: "Something tried to use the search service before it's been properly intialized. Please examine the stack trace to figure out what and where to fix it:
_ensureInitialized@resource://gre/modules/SearchService.jsm:204:15
_getEngineDefault@resource://gre/modules/SearchService.jsm:2142:10
get defaultEngine@resource://gre/modules/SearchService.jsm:2274:17
_cacheL10nStrings@resource:///modules/UrlbarView.jsm:2178:11
onQueryStarted@resource:///modules/UrlbarView.jsm:583:10
notify@resource:///modules/UrlbarController.jsm:652:25
startQuery@resource:///modules/UrlbarController.jsm:133:10
startQuery@resource:///modules/UrlbarInput.jsm:1355:52
_on_input@resource:///modules/UrlbarInput.jsm:3040:10
handleEvent@resource:///modules/UrlbarInput.jsm:425:23
" {file: "resource://gre/modules/SearchService.jsm" line: 204}]' when calling method: [nsISearchService::defaultEngine]
JavaScript error: resource://gre/modules/SearchService.jsm, line 204: Error: Something tried to use the search service before it's been properly intialized. Please examine the stack trace to figure out what and where to fix it:
_ensureInitialized@resource://gre/modules/SearchService.jsm:204:15
_getEngineDefault@resource://gre/modules/SearchService.jsm:2142:10
get defaultEngine@resource://gre/modules/SearchService.jsm:2274:17
_cacheL10nStrings@resource:///modules/UrlbarView.jsm:2178:11
onQueryStarted@resource:///modules/UrlbarView.jsm:583:10
notify@resource:///modules/UrlbarController.jsm:652:25
startQuery@resource:///modules/UrlbarController.jsm:133:10
startQuery@resource:///modules/UrlbarInput.jsm:1355:52
_on_input@resource:///modules/UrlbarInput.jsm:3040:10
handleEvent@resource:///modules/UrlbarInput.jsm:425:23

JavaScript error: resource:///modules/UrlbarView.jsm, line 2178: NS_ERROR_XPC_JAVASCRIPT_ERROR_WITH_DETAILS: [JavaScript Error: "Something tried to use the search service before it's been properly intialized. Please examine the stack trace to figure out what and where to fix it:
_ensureInitialized@resource://gre/modules/SearchService.jsm:204:15
_getEngineDefault@resource://gre/modules/SearchService.jsm:2142:10
get defaultEngine@resource://gre/modules/SearchService.jsm:2274:17
_cacheL10nStrings@resource:///modules/UrlbarView.jsm:2178:11
onQueryStarted@resource:///modules/UrlbarView.jsm:583:10
notify@resource:///modules/UrlbarController.jsm:652:25
startQuery@resource:///modules/UrlbarController.jsm:133:10
startQuery@resource:///modules/UrlbarInput.jsm:1355:52
_on_input@resource:///modules/UrlbarInput.jsm:3040:10
handleEvent@resource:///modules/UrlbarInput.jsm:425:23
" {file: "resource://gre/modules/SearchService.jsm" line: 204}]'[JavaScript Error: "Something tried to use the search service before it's been properly intialized. Please examine the stack trace to figure out what and where to fix it:
_ensureInitialized@resource://gre/modules/SearchService.jsm:204:15
_getEngineDefault@resource://gre/modules/SearchService.jsm:2142:10
get defaultEngine@resource://gre/modules/SearchService.jsm:2274:17
_cacheL10nStrings@resource:///modules/UrlbarView.jsm:2178:11
onQueryStarted@resource:///modules/UrlbarView.jsm:583:10
notify@resource:///modules/UrlbarController.jsm:652:25
startQuery@resource:///modules/UrlbarController.jsm:133:10
startQuery@resource:///modules/UrlbarInput.jsm:1355:52
_on_input@resource:///modules/UrlbarInput.jsm:3040:10
handleEvent@resource:///modules/UrlbarInput.jsm:425:23
" {file: "resource://gre/modules/SearchService.jsm" line: 204}]' when calling method: [nsISearchService::defaultEngine]
JavaScript error: resource://gre/modules/SearchService.jsm, line 204: Error: Something tried to use the search service before it's been properly intialized. Please examine the stack trace to figure out what and where to fix it:
_ensureInitialized@resource://gre/modules/SearchService.jsm:204:15
_getEngineDefault@resource://gre/modules/SearchService.jsm:2142:10
get defaultEngine@resource://gre/modules/SearchService.jsm:2274:17
_cacheL10nStrings@resource:///modules/UrlbarView.jsm:2178:11
onQueryStarted@resource:///modules/UrlbarView.jsm:583:10
notify@resource:///modules/UrlbarController.jsm:652:25
startQuery@resource:///modules/UrlbarController.jsm:133:10
startQuery@resource:///modules/UrlbarInput.jsm:1355:52
_on_input@resource:///modules/UrlbarInput.jsm:3040:10
handleEvent@resource:///modules/UrlbarInput.jsm:425:23

JavaScript error: resource:///modules/UrlbarView.jsm, line 2178: NS_ERROR_XPC_JAVASCRIPT_ERROR_WITH_DETAILS: [JavaScript Error: "Something tried to use the search service before it's been properly intialized. Please examine the stack trace to figure out what and where to fix it:
_ensureInitialized@resource://gre/modules/SearchService.jsm:204:15
_getEngineDefault@resource://gre/modules/SearchService.jsm:2142:10
get defaultEngine@resource://gre/modules/SearchService.jsm:2274:17
_cacheL10nStrings@resource:///modules/UrlbarView.jsm:2178:11
onQueryStarted@resource:///modules/UrlbarView.jsm:583:10
notify@resource:///modules/UrlbarController.jsm:652:25
startQuery@resource:///modules/UrlbarController.jsm:133:10
startQuery@resource:///modules/UrlbarInput.jsm:1355:52
_on_input@resource:///modules/UrlbarInput.jsm:3040:10
handleEvent@resource:///modules/UrlbarInput.jsm:425:23
" {file: "resource://gre/modules/SearchService.jsm" line: 204}]'[JavaScript Error: "Something tried to use the search service before it's been properly intialized. Please examine the stack trace to figure out what and where to fix it:
_ensureInitialized@resource://gre/modules/SearchService.jsm:204:15
_getEngineDefault@resource://gre/modules/SearchService.jsm:2142:10
get defaultEngine@resource://gre/modules/SearchService.jsm:2274:17
_cacheL10nStrings@resource:///modules/UrlbarView.jsm:2178:11
onQueryStarted@resource:///modules/UrlbarView.jsm:583:10
notify@resource:///modules/UrlbarController.jsm:652:25
startQuery@resource:///modules/UrlbarController.jsm:133:10
startQuery@resource:///modules/UrlbarInput.jsm:1355:52
_on_input@resource:///modules/UrlbarInput.jsm:3040:10
handleEvent@resource:///modules/UrlbarInput.jsm:425:23
" {file: "resource://gre/modules/SearchService.jsm" line: 204}]' when calling method: [nsISearchService::defaultEngine]
JavaScript error: resource://gre/modules/SearchService.jsm, line 204: Error: Something tried to use the search service before it's been properly intialized. Please examine the stack trace to figure out what and where to fix it:
_ensureInitialized@resource://gre/modules/SearchService.jsm:204:15
_getEngineDefault@resource://gre/modules/SearchService.jsm:2142:10
get defaultEngine@resource://gre/modules/SearchService.jsm:2274:17
_cacheL10nStrings@resource:///modules/UrlbarView.jsm:2178:11
onQueryStarted@resource:///modules/UrlbarView.jsm:583:10
notify@resource:///modules/UrlbarController.jsm:652:25
startQuery@resource:///modules/UrlbarController.jsm:133:10
startQuery@resource:///modules/UrlbarInput.jsm:1355:52
_on_input@resource:///modules/UrlbarInput.jsm:3040:10
handleEvent@resource:///modules/UrlbarInput.jsm:425:23

JavaScript error: resource:///modules/UrlbarView.jsm, line 2178: NS_ERROR_XPC_JAVASCRIPT_ERROR_WITH_DETAILS: [JavaScript Error: "Something tried to use the search service before it's been properly intialized. Please examine the stack trace to figure out what and where to fix it:
_ensureInitialized@resource://gre/modules/SearchService.jsm:204:15
_getEngineDefault@resource://gre/modules/SearchService.jsm:2142:10
get defaultEngine@resource://gre/modules/SearchService.jsm:2274:17
_cacheL10nStrings@resource:///modules/UrlbarView.jsm:2178:11
onQueryStarted@resource:///modules/UrlbarView.jsm:583:10
notify@resource:///modules/UrlbarController.jsm:652:25
startQuery@resource:///modules/UrlbarController.jsm:133:10
startQuery@resource:///modules/UrlbarInput.jsm:1355:52
_on_input@resource:///modules/UrlbarInput.jsm:3040:10
handleEvent@resource:///modules/UrlbarInput.jsm:425:23
" {file: "resource://gre/modules/SearchService.jsm" line: 204}]'[JavaScript Error: "Something tried to use the search service before it's been properly intialized. Please examine the stack trace to figure out what and where to fix it:
_ensureInitialized@resource://gre/modules/SearchService.jsm:204:15
_getEngineDefault@resource://gre/modules/SearchService.jsm:2142:10
get defaultEngine@resource://gre/modules/SearchService.jsm:2274:17
_cacheL10nStrings@resource:///modules/UrlbarView.jsm:2178:11
onQueryStarted@resource:///modules/UrlbarView.jsm:583:10
notify@resource:///modules/UrlbarController.jsm:652:25
startQuery@resource:///modules/UrlbarController.jsm:133:10
startQuery@resource:///modules/UrlbarInput.jsm:1355:52
_on_input@resource:///modules/UrlbarInput.jsm:3040:10
handleEvent@resource:///modules/UrlbarInput.jsm:425:23
" {file: "resource://gre/modules/SearchService.jsm" line: 204}]' when calling method: [nsISearchService::defaultEngine]
JavaScript error: resource://gre/modules/SearchService.jsm, line 204: Error: Something tried to use the search service before it's been properly intialized. Please examine the stack trace to figure out what and where to fix it:
_ensureInitialized@resource://gre/modules/SearchService.jsm:204:15
_getEngineDefault@resource://gre/modules/SearchService.jsm:2142:10
get defaultEngine@resource://gre/modules/SearchService.jsm:2274:17
_cacheL10nStrings@resource:///modules/UrlbarView.jsm:2178:11
onQueryStarted@resource:///modules/UrlbarView.jsm:583:10
notify@resource:///modules/UrlbarController.jsm:652:25
startQuery@resource:///modules/UrlbarController.jsm:133:10
startQuery@resource:///modules/UrlbarInput.jsm:1355:52
_on_input@resource:///modules/UrlbarInput.jsm:3040:10
handleEvent@resource:///modules/UrlbarInput.jsm:425:23

JavaScript error: resource:///modules/UrlbarView.jsm, line 2178: NS_ERROR_XPC_JAVASCRIPT_ERROR_WITH_DETAILS: [JavaScript Error: "Something tried to use the search service before it's been properly intialized. Please examine the stack trace to figure out what and where to fix it:
_ensureInitialized@resource://gre/modules/SearchService.jsm:204:15
_getEngineDefault@resource://gre/modules/SearchService.jsm:2142:10
get defaultEngine@resource://gre/modules/SearchService.jsm:2274:17
_cacheL10nStrings@resource:///modules/UrlbarView.jsm:2178:11
onQueryStarted@resource:///modules/UrlbarView.jsm:583:10
notify@resource:///modules/UrlbarController.jsm:652:25
startQuery@resource:///modules/UrlbarController.jsm:133:10
startQuery@resource:///modules/UrlbarInput.jsm:1355:52
_on_input@resource:///modules/UrlbarInput.jsm:3040:10
handleEvent@resource:///modules/UrlbarInput.jsm:425:23
" {file: "resource://gre/modules/SearchService.jsm" line: 204}]'[JavaScript Error: "Something tried to use the search service before it's been properly intialized. Please examine the stack trace to figure out what and where to fix it:
_ensureInitialized@resource://gre/modules/SearchService.jsm:204:15
_getEngineDefault@resource://gre/modules/SearchService.jsm:2142:10
get defaultEngine@resource://gre/modules/SearchService.jsm:2274:17
_cacheL10nStrings@resource:///modules/UrlbarView.jsm:2178:11
onQueryStarted@resource:///modules/UrlbarView.jsm:583:10
notify@resource:///modules/UrlbarController.jsm:652:25
startQuery@resource:///modules/UrlbarController.jsm:133:10
startQuery@resource:///modules/UrlbarInput.jsm:1355:52
_on_input@resource:///modules/UrlbarInput.jsm:3040:10
handleEvent@resource:///modules/UrlbarInput.jsm:425:23
" {file: "resource://gre/modules/SearchService.jsm" line: 204}]' when calling method: [nsISearchService::defaultEngine]
JavaScript error: resource://gre/modules/SearchService.jsm, line 204: Error: Something tried to use the search service before it's been properly intialized. Please examine the stack trace to figure out what and where to fix it:
_ensureInitialized@resource://gre/modules/SearchService.jsm:204:15
_getEngineDefault@resource://gre/modules/SearchService.jsm:2142:10
get defaultEngine@resource://gre/modules/SearchService.jsm:2274:17
_cacheL10nStrings@resource:///modules/UrlbarView.jsm:2178:11
onQueryStarted@resource:///modules/UrlbarView.jsm:583:10
notify@resource:///modules/UrlbarController.jsm:652:25
startQuery@resource:///modules/UrlbarController.jsm:133:10
startQuery@resource:///modules/UrlbarInput.jsm:1355:52
_on_input@resource:///modules/UrlbarInput.jsm:3040:10
handleEvent@resource:///modules/UrlbarInput.jsm:425:23

JavaScript error: resource:///modules/UrlbarView.jsm, line 2178: NS_ERROR_XPC_JAVASCRIPT_ERROR_WITH_DETAILS: [JavaScript Error: "Something tried to use the search service before it's been properly intialized. Please examine the stack trace to figure out what and where to fix it:
_ensureInitialized@resource://gre/modules/SearchService.jsm:204:15
_getEngineDefault@resource://gre/modules/SearchService.jsm:2142:10
get defaultEngine@resource://gre/modules/SearchService.jsm:2274:17
_cacheL10nStrings@resource:///modules/UrlbarView.jsm:2178:11
onQueryStarted@resource:///modules/UrlbarView.jsm:583:10
notify@resource:///modules/UrlbarController.jsm:652:25
startQuery@resource:///modules/UrlbarController.jsm:133:10
startQuery@resource:///modules/UrlbarInput.jsm:1355:52
_on_input@resource:///modules/UrlbarInput.jsm:3040:10
handleEvent@resource:///modules/UrlbarInput.jsm:425:23
" {file: "resource://gre/modules/SearchService.jsm" line: 204}]'[JavaScript Error: "Something tried to use the search service before it's been properly intialized. Please examine the stack trace to figure out what and where to fix it:
_ensureInitialized@resource://gre/modules/SearchService.jsm:204:15
_getEngineDefault@resource://gre/modules/SearchService.jsm:2142:10
get defaultEngine@resource://gre/modules/SearchService.jsm:2274:17
_cacheL10nStrings@resource:///modules/UrlbarView.jsm:2178:11
onQueryStarted@resource:///modules/UrlbarView.jsm:583:10
notify@resource:///modules/UrlbarController.jsm:652:25
startQuery@resource:///modules/UrlbarController.jsm:133:10
startQuery@resource:///modules/UrlbarInput.jsm:1355:52
_on_input@resource:///modules/UrlbarInput.jsm:3040:10
handleEvent@resource:///modules/UrlbarInput.jsm:425:23
" {file: "resource://gre/modules/SearchService.jsm" line: 204}]' when calling method: [nsISearchService::defaultEngine]
JavaScript error: resource://gre/modules/SearchService.jsm, line 204: Error: Something tried to use the search service before it's been properly intialized. Please examine the stack trace to figure out what and where to fix it:
_ensureInitialized@resource://gre/modules/SearchService.jsm:204:15
_getEngineDefault@resource://gre/modules/SearchService.jsm:2142:10
get defaultEngine@resource://gre/modules/SearchService.jsm:2274:17
_cacheL10nStrings@resource:///modules/UrlbarView.jsm:2178:11
onQueryStarted@resource:///modules/UrlbarView.jsm:583:10
notify@resource:///modules/UrlbarController.jsm:652:25
startQuery@resource:///modules/UrlbarController.jsm:133:10
startQuery@resource:///modules/UrlbarInput.jsm:1355:52
_on_input@resource:///modules/UrlbarInput.jsm:3040:10
handleEvent@resource:///modules/UrlbarInput.jsm:425:23

JavaScript error: resource:///modules/UrlbarView.jsm, line 2178: NS_ERROR_XPC_JAVASCRIPT_ERROR_WITH_DETAILS: [JavaScript Error: "Something tried to use the search service before it's been properly intialized. Please examine the stack trace to figure out what and where to fix it:
_ensureInitialized@resource://gre/modules/SearchService.jsm:204:15
_getEngineDefault@resource://gre/modules/SearchService.jsm:2142:10
get defaultEngine@resource://gre/modules/SearchService.jsm:2274:17
_cacheL10nStrings@resource:///modules/UrlbarView.jsm:2178:11
onQueryStarted@resource:///modules/UrlbarView.jsm:583:10
notify@resource:///modules/UrlbarController.jsm:652:25
startQuery@resource:///modules/UrlbarController.jsm:133:10
startQuery@resource:///modules/UrlbarInput.jsm:1355:52
_on_input@resource:///modules/UrlbarInput.jsm:3040:10
handleEvent@resource:///modules/UrlbarInput.jsm:425:23
" {file: "resource://gre/modules/SearchService.jsm" line: 204}]'[JavaScript Error: "Something tried to use the search service before it's been properly intialized. Please examine the stack trace to figure out what and where to fix it:
_ensureInitialized@resource://gre/modules/SearchService.jsm:204:15
_getEngineDefault@resource://gre/modules/SearchService.jsm:2142:10
get defaultEngine@resource://gre/modules/SearchService.jsm:2274:17
_cacheL10nStrings@resource:///modules/UrlbarView.jsm:2178:11
onQueryStarted@resource:///modules/UrlbarView.jsm:583:10
notify@resource:///modules/UrlbarController.jsm:652:25
startQuery@resource:///modules/UrlbarController.jsm:133:10
startQuery@resource:///modules/UrlbarInput.jsm:1355:52
_on_input@resource:///modules/UrlbarInput.jsm:3040:10
handleEvent@resource:///modules/UrlbarInput.jsm:425:23
" {file: "resource://gre/modules/SearchService.jsm" line: 204}]' when calling method: [nsISearchService::defaultEngine]
JavaScript error: resource://gre/modules/SearchService.jsm, line 204: Error: Something tried to use the search service before it's been properly intialized. Please examine the stack trace to figure out what and where to fix it:
_ensureInitialized@resource://gre/modules/SearchService.jsm:204:15
_getEngineDefault@resource://gre/modules/SearchService.jsm:2142:10
get defaultEngine@resource://gre/modules/SearchService.jsm:2274:17
_cacheL10nStrings@resource:///modules/UrlbarView.jsm:2178:11
onQueryStarted@resource:///modules/UrlbarView.jsm:583:10
notify@resource:///modules/UrlbarController.jsm:652:25
startQuery@resource:///modules/UrlbarController.jsm:133:10
startQuery@resource:///modules/UrlbarInput.jsm:1355:52
_on_input@resource:///modules/UrlbarInput.jsm:3040:10
handleEvent@resource:///modules/UrlbarInput.jsm:425:23

JavaScript error: resource:///modules/UrlbarView.jsm, line 2178: NS_ERROR_XPC_JAVASCRIPT_ERROR_WITH_DETAILS: [JavaScript Error: "Something tried to use the search service before it's been properly intialized. Please examine the stack trace to figure out what and where to fix it:
_ensureInitialized@resource://gre/modules/SearchService.jsm:204:15
_getEngineDefault@resource://gre/modules/SearchService.jsm:2142:10
get defaultEngine@resource://gre/modules/SearchService.jsm:2274:17
_cacheL10nStrings@resource:///modules/UrlbarView.jsm:2178:11
onQueryStarted@resource:///modules/UrlbarView.jsm:583:10
notify@resource:///modules/UrlbarController.jsm:652:25
startQuery@resource:///modules/UrlbarController.jsm:133:10
startQuery@resource:///modules/UrlbarInput.jsm:1355:52
_on_input@resource:///modules/UrlbarInput.jsm:3040:10
handleEvent@resource:///modules/UrlbarInput.jsm:425:23
" {file: "resource://gre/modules/SearchService.jsm" line: 204}]'[JavaScript Error: "Something tried to use the search service before it's been properly intialized. Please examine the stack trace to figure out what and where to fix it:
_ensureInitialized@resource://gre/modules/SearchService.jsm:204:15
_getEngineDefault@resource://gre/modules/SearchService.jsm:2142:10
get defaultEngine@resource://gre/modules/SearchService.jsm:2274:17
_cacheL10nStrings@resource:///modules/UrlbarView.jsm:2178:11
onQueryStarted@resource:///modules/UrlbarView.jsm:583:10
notify@resource:///modules/UrlbarController.jsm:652:25
startQuery@resource:///modules/UrlbarController.jsm:133:10
startQuery@resource:///modules/UrlbarInput.jsm:1355:52
_on_input@resource:///modules/UrlbarInput.jsm:3040:10
handleEvent@resource:///modules/UrlbarInput.jsm:425:23
" {file: "resource://gre/modules/SearchService.jsm" line: 204}]' when calling method: [nsISearchService::defaultEngine]
JavaScript error: resource://gre/modules/SearchService.jsm, line 204: Error: Something tried to use the search service before it's been properly intialized. Please examine the stack trace to figure out what and where to fix it:
_ensureInitialized@resource://gre/modules/SearchService.jsm:204:15
_getEngineDefault@resource://gre/modules/SearchService.jsm:2142:10
get defaultEngine@resource://gre/modules/SearchService.jsm:2274:17
_cacheL10nStrings@resource:///modules/UrlbarView.jsm:2178:11
onQueryStarted@resource:///modules/UrlbarView.jsm:583:10
notify@resource:///modules/UrlbarController.jsm:652:25
startQuery@resource:///modules/UrlbarController.jsm:133:10
startQuery@resource:///modules/UrlbarInput.jsm:1355:52
_on_input@resource:///modules/UrlbarInput.jsm:3040:10
handleEvent@resource:///modules/UrlbarInput.jsm:425:23

JavaScript error: resource:///modules/UrlbarView.jsm, line 2178: NS_ERROR_XPC_JAVASCRIPT_ERROR_WITH_DETAILS: [JavaScript Error: "Something tried to use the search service before it's been properly intialized. Please examine the stack trace to figure out what and where to fix it:
_ensureInitialized@resource://gre/modules/SearchService.jsm:204:15
_getEngineDefault@resource://gre/modules/SearchService.jsm:2142:10
get defaultEngine@resource://gre/modules/SearchService.jsm:2274:17
_cacheL10nStrings@resource:///modules/UrlbarView.jsm:2178:11
onQueryStarted@resource:///modules/UrlbarView.jsm:583:10
notify@resource:///modules/UrlbarController.jsm:652:25
startQuery@resource:///modules/UrlbarController.jsm:133:10
startQuery@resource:///modules/UrlbarInput.jsm:1355:52
_on_input@resource:///modules/UrlbarInput.jsm:3040:10
handleEvent@resource:///modules/UrlbarInput.jsm:425:23
" {file: "resource://gre/modules/SearchService.jsm" line: 204}]'[JavaScript Error: "Something tried to use the search service before it's been properly intialized. Please examine the stack trace to figure out what and where to fix it:
_ensureInitialized@resource://gre/modules/SearchService.jsm:204:15
_getEngineDefault@resource://gre/modules/SearchService.jsm:2142:10
get defaultEngine@resource://gre/modules/SearchService.jsm:2274:17
_cacheL10nStrings@resource:///modules/UrlbarView.jsm:2178:11
onQueryStarted@resource:///modules/UrlbarView.jsm:583:10
notify@resource:///modules/UrlbarController.jsm:652:25
startQuery@resource:///modules/UrlbarController.jsm:133:10
startQuery@resource:///modules/UrlbarInput.jsm:1355:52
_on_input@resource:///modules/UrlbarInput.jsm:3040:10
handleEvent@resource:///modules/UrlbarInput.jsm:425:23
" {file: "resource://gre/modules/SearchService.jsm" line: 204}]' when calling method: [nsISearchService::defaultEngine]
JavaScript error: resource://gre/modules/SearchService.jsm, line 204: Error: Something tried to use the search service before it's been properly intialized. Please examine the stack trace to figure out what and where to fix it:
_ensureInitialized@resource://gre/modules/SearchService.jsm:204:15
_getEngineDefault@resource://gre/modules/SearchService.jsm:2142:10
get defaultEngine@resource://gre/modules/SearchService.jsm:2274:17
_cacheL10nStrings@resource:///modules/UrlbarView.jsm:2178:11
onQueryStarted@resource:///modules/UrlbarView.jsm:583:10
notify@resource:///modules/UrlbarController.jsm:652:25
startQuery@resource:///modules/UrlbarController.jsm:133:10
startQuery@resource:///modules/UrlbarInput.jsm:1355:52
_on_input@resource:///modules/UrlbarInput.jsm:3040:10
handleEvent@resource:///modules/UrlbarInput.jsm:425:23

JavaScript error: resource:///modules/UrlbarView.jsm, line 2178: NS_ERROR_XPC_JAVASCRIPT_ERROR_WITH_DETAILS: [JavaScript Error: "Something tried to use the search service before it's been properly intialized. Please examine the stack trace to figure out what and where to fix it:
_ensureInitialized@resource://gre/modules/SearchService.jsm:204:15
_getEngineDefault@resource://gre/modules/SearchService.jsm:2142:10
get defaultEngine@resource://gre/modules/SearchService.jsm:2274:17
_cacheL10nStrings@resource:///modules/UrlbarView.jsm:2178:11
onQueryStarted@resource:///modules/UrlbarView.jsm:583:10
notify@resource:///modules/UrlbarController.jsm:652:25
startQuery@resource:///modules/UrlbarController.jsm:133:10
startQuery@resource:///modules/UrlbarInput.jsm:1355:52
_on_input@resource:///modules/UrlbarInput.jsm:3040:10
handleEvent@resource:///modules/UrlbarInput.jsm:425:23
" {file: "resource://gre/modules/SearchService.jsm" line: 204}]'[JavaScript Error: "Something tried to use the search service before it's been properly intialized. Please examine the stack trace to figure out what and where to fix it:
_ensureInitialized@resource://gre/modules/SearchService.jsm:204:15
_getEngineDefault@resource://gre/modules/SearchService.jsm:2142:10
get defaultEngine@resource://gre/modules/SearchService.jsm:2274:17
_cacheL10nStrings@resource:///modules/UrlbarView.jsm:2178:11
onQueryStarted@resource:///modules/UrlbarView.jsm:583:10
notify@resource:///modules/UrlbarController.jsm:652:25
startQuery@resource:///modules/UrlbarController.jsm:133:10
startQuery@resource:///modules/UrlbarInput.jsm:1355:52
_on_input@resource:///modules/UrlbarInput.jsm:3040:10
handleEvent@resource:///modules/UrlbarInput.jsm:425:23
" {file: "resource://gre/modules/SearchService.jsm" line: 204}]' when calling method: [nsISearchService::defaultEngine]
1640758394191	Marionette	WARN	Ignoring event 'DOMContentLoaded' because document has an invalid readyState of 'complete'.
JavaScript error: resource://gre/actors/AutoCompleteChild.jsm, line 125: Error: Invalid autocomplete selectedIndex
JavaScript error: resource://gre/actors/AutoCompleteChild.jsm, line 125: Error: Invalid autocomplete selectedIndex
JavaScript error: resource://gre/modules/LoginManagerChild.jsm, line 194: NS_ERROR_XPC_JAVASCRIPT_ERROR_WITH_DETAILS: [JavaScript Error: "Invalid autocomplete selectedIndex" {file: "resource://gre/actors/AutoCompleteChild.jsm" line: 125}]'[JavaScript Error: "Invalid autocomplete selectedIndex" {file: "resource://gre/actors/AutoCompleteChild.jsm" line: 125}]' when calling method: [nsIAutoCompletePopup::selectedIndex]
console.log: WebExtensions: reset-default-search: starting.
console.log: WebExtensions: reset-default-search: No addons in our list are installed.
1640760378352	Marionette	INFO	Stopped listening on port 36529
console.warn: TopSitesFeed: Failed to fetch data from Contile server: NetworkError when attempting to fetch resource.
JavaScript error: chrome://remote/content/marionette/cert.js, line 55: NS_ERROR_NOT_AVAILABLE: Component returned failure code: 0x80040111 (NS_ERROR_NOT_AVAILABLE) [nsICertOverrideService.setDisableAllSecurityChecksAndLetAttackersInterceptMyData]
JavaScript error: resource://gre/modules/CrashMonitor.jsm, line 201: AbortError: IOUtils: Shutting down and refusing additional I/O tasks
